<?xml version="1.0" encoding="UTF-8"?>
<!-- Generated by org.testng.reporters.JUnitXMLReporter -->
<testsuite ignored="0" hostname="Ideas2IT" failures="1" tests="1" name="chrome" time="17.935" errors="0" timestamp="2023-11-04T15:32:58 IST">
  <testcase classname="com.pos.testcases.CreateNewVendor" name="runLogin" time="13.736">
    <failure type="java.lang.RuntimeException" message="See the reporter for details.">
      <![CDATA[java.lang.RuntimeException: See the reporter for details.
at com.framework.utils.Reporter.reportStep(Reporter.java:101)
at com.framework.utils.Reporter.reportStep(Reporter.java:116)
at com.framework.selenium.api.base.SeleniumBase.locateElement(SeleniumBase.java:657)
at com.pos.pages.PointOfSalePage.clickVendorsMenu(PointOfSalePage.java:14)
at com.pos.testcases.CreateNewVendor.runLogin(CreateNewVendor.java:26)
at java.base/java.util.concurrent.ThreadPoolExecutor.runWorker(ThreadPoolExecutor.java:1128)
at java.base/java.util.concurrent.ThreadPoolExecutor$Worker.run(ThreadPoolExecutor.java:628)
at java.base/java.lang.Thread.run(Thread.java:834)
... Removed 12 stack frames]]>
    </failure>
  </testcase> <!-- runLogin -->
</testsuite> <!-- chrome -->
